<?xml version="1.0" encoding="UTF-8"?>
<!-- Generated by org.testng.reporters.JUnitReportReporter -->
<testsuite skipped="0" hostname="MJLT-1363" name="com.stepDefination.VerifyFinanceRequestFromMetal" tests="5" failures="0" timestamp="16 Aug 2019 07:12:07 GMT" time="164.924" errors="0">
  <testcase name="verify_The_Metal_Login" time="61.831" classname="com.stepDefination.VerifyFinanceRequestFromMetal"/>
  <testcase name="verify_The_Navigation_To_Finance_Module" time="9.043" classname="com.stepDefination.VerifyFinanceRequestFromMetal"/>
  <testcase name="verify_The_Add_Request_From_Metal_User" time="18.551" classname="com.stepDefination.VerifyFinanceRequestFromMetal"/>
  <testcase name="verify_The_Acceptance_Of_Added_Finance_Request_From_Metal" time="26.812" classname="com.stepDefination.VerifyFinanceRequestFromMetal"/>
  <testcase name="verify_The_Added_Request_From_Metal_User_Is_Conferimed" time="48.687" classname="com.stepDefination.VerifyFinanceRequestFromMetal"/>
</testsuite> <!-- com.stepDefination.VerifyFinanceRequestFromMetal -->
