<?xml version="1.0" encoding="UTF-8"?>
<!-- Generated by org.testng.reporters.JUnitReportReporter -->
<testsuite skipped="0" hostname="MJLT-1363" name="com.stepDefination.VerifyTheFinanceRequestValidationOfEPSUser" tests="5" failures="0" timestamp="18 Apr 2019 06:10:24 GMT" time="135.979" errors="0">
  <testcase name="verifyEPSlogin" time="67.764" classname="com.stepDefination.VerifyTheFinanceRequestValidationOfEPSUser"/>
  <testcase name="verifyTheEPSDashboard" time="40.857" classname="com.stepDefination.VerifyTheFinanceRequestValidationOfEPSUser"/>
  <testcase name="verifyTheEPSUserDashBoardAtFJ" time="5.476" classname="com.stepDefination.VerifyTheFinanceRequestValidationOfEPSUser"/>
  <testcase name="loginAsSuperAdmin" time="5.560" classname="com.stepDefination.VerifyTheFinanceRequestValidationOfEPSUser"/>
  <testcase name="ModifyTheLatestFinanceRequest" time="16.322" classname="com.stepDefination.VerifyTheFinanceRequestValidationOfEPSUser"/>
</testsuite> <!-- com.stepDefination.VerifyTheFinanceRequestValidationOfEPSUser -->
