<?xml version="1.0" encoding="UTF-8"?>
<!-- Generated by org.testng.reporters.JUnitReportReporter -->
<testsuite skipped="0" hostname="MJLT-1363" name="com.stepDefination.VerifyEPS" tests="3" failures="0" timestamp="15 Apr 2019 07:11:22 GMT" time="97.178" errors="0">
  <testcase name="verify_login" time="53.897" classname="com.stepDefination.VerifyEPS"/>
  <testcase name="dashboard" time="41.164" classname="com.stepDefination.VerifyEPS"/>
  <testcase name="fdashboard" time="2.117" classname="com.stepDefination.VerifyEPS"/>
</testsuite> <!-- com.stepDefination.VerifyEPS -->
