<?xml version="1.0" encoding="UTF-8"?>
<!-- Generated by org.testng.reporters.JUnitReportReporter -->
<testsuite skipped="0" hostname="MJLT-1363" name="com.stepDefination.VerifyTheAuctionCreationByNotice" tests="7" failures="0" timestamp="24 Jul 2019 10:51:18 GMT" time="203.945" errors="0">
  <testcase name="verify_The_Auction_Notice_Creation" time="42.837" classname="com.stepDefination.VerifyTheAuctionCreationByNotice"/>
  <testcase name="verify_The_Created_Auction_Notice_Upload_For_Stage_1" time="69.464" classname="com.stepDefination.VerifyTheAuctionCreationByNotice"/>
  <testcase name="check_Auction_Is_Ready_For_Submit_Or_Not" time="30.633" classname="com.stepDefination.VerifyTheAuctionCreationByNotice"/>
  <testcase name="verify_The_Static_Note_Addition_and_Map_To_The_Auction" time="26.351" classname="com.stepDefination.VerifyTheAuctionCreationByNotice"/>
  <testcase name="auction_Notice_Confirm_For_Ready" time="9.283" classname="com.stepDefination.VerifyTheAuctionCreationByNotice"/>
  <testcase name="confirm_The_Auction_Notice" time="7.237" classname="com.stepDefination.VerifyTheAuctionCreationByNotice"/>
  <testcase name="change_The_Status_Of_The_Auction" time="18.140" classname="com.stepDefination.VerifyTheAuctionCreationByNotice"/>
</testsuite> <!-- com.stepDefination.VerifyTheAuctionCreationByNotice -->
