<?xml version="1.0" encoding="UTF-8"?>
<!-- Generated by org.testng.reporters.JUnitReportReporter -->
<testsuite skipped="0" hostname="MJLT-1363" name="com.stepDefination.VerifyAuctionNoticeForOcv" tests="2" failures="0" timestamp="24 Jul 2019 10:51:18 GMT" time="114.922" errors="0">
  <testcase name="verify_Auction_Notice_Is_Present_for_BidderOne" time="58.879" classname="com.stepDefination.VerifyAuctionNoticeForOcv"/>
  <testcase name="verify_Auction_Notice_Is_Present_for_BidderTwo" time="56.043" classname="com.stepDefination.VerifyAuctionNoticeForOcv"/>
</testsuite> <!-- com.stepDefination.VerifyAuctionNoticeForOcv -->
