<?xml version="1.0" encoding="UTF-8"?>
<!-- Generated by org.testng.reporters.JUnitReportReporter -->
<testsuite skipped="0" hostname="MJLT-1363" name="com.stepDefination.CheckLiveBiddingForOvcMultiSealBid" tests="4" failures="0" timestamp="24 Jul 2019 10:51:18 GMT" time="450.914" errors="0">
  <testcase name="verify_The_Live_Auction_Multi_Seal_Bid_User1" time="124.313" classname="com.stepDefination.CheckLiveBiddingForOvcMultiSealBid"/>
  <testcase name="verify_The_Live_Auction_Multi_Seal_Bid_User2" time="153.204" classname="com.stepDefination.CheckLiveBiddingForOvcMultiSealBid"/>
  <testcase name="verify_The_Live_Auction_General_R_A_User1" time="170.332" classname="com.stepDefination.CheckLiveBiddingForOvcMultiSealBid"/>
  <testcase name="verify_The_Live_Auction_General_R_A_User2" time="3.065" classname="com.stepDefination.CheckLiveBiddingForOvcMultiSealBid"/>
</testsuite> <!-- com.stepDefination.CheckLiveBiddingForOvcMultiSealBid -->
