<?xml version="1.0" encoding="UTF-8"?>
<!-- Generated by org.testng.reporters.JUnitReportReporter -->
<testsuite skipped="0" hostname="MJLT-1363" name="com.stepDefination.VerifyTheReleaseOfClosedAuction" tests="1" failures="0" timestamp="24 Jul 2019 10:51:18 GMT" time="182.060" errors="0">
  <testcase name="check_The_Release" time="182.060" classname="com.stepDefination.VerifyTheReleaseOfClosedAuction"/>
</testsuite> <!-- com.stepDefination.VerifyTheReleaseOfClosedAuction -->
