<?xml version="1.0" encoding="UTF-8"?>
<!-- Generated by org.testng.reporters.JUnitReportReporter -->
<testsuite skipped="0" hostname="MJLT-1363" name="com.stepDefination.CheckTheLiveAuction" tests="1" failures="0" timestamp="16 Sep 2019 10:44:44 GMT" time="19.300" errors="0">
  <testcase name="navigate_To_Live_Bidding_Page" time="19.300" classname="com.stepDefination.CheckTheLiveAuction"/>
</testsuite> <!-- com.stepDefination.CheckTheLiveAuction -->
