<?xml version="1.0" encoding="UTF-8"?>
<!-- Generated by org.testng.reporters.JUnitReportReporter -->
<testsuite skipped="0" hostname="MJLT-1363" name="com.stepDefination.CheckTheLiveAuction" tests="1" failures="0" timestamp="13 Sep 2019 09:22:36 GMT" time="7.127" errors="0">
  <testcase name="navigate_To_Live_Bidding_Page" time="7.127" classname="com.stepDefination.CheckTheLiveAuction"/>
</testsuite> <!-- com.stepDefination.CheckTheLiveAuction -->
