<?xml version="1.0" encoding="UTF-8"?>
<!-- Generated by org.testng.reporters.JUnitReportReporter -->
<testsuite skipped="0" hostname="MJLT-1363" name="com.stepDefination.VerifyLoginScenario" tests="2" failures="0" timestamp="17 Apr 2019 08:56:15 GMT" time="2.712" errors="0">
  <testcase name="verify_Invalid_login" time="1.615" classname="com.stepDefination.VerifyLoginScenario"/>
  <testcase name="verify_Valid_login" time="1.097" classname="com.stepDefination.VerifyLoginScenario"/>
</testsuite> <!-- com.stepDefination.VerifyLoginScenario -->
