<?xml version="1.0" encoding="UTF-8"?>
<!-- Generated by org.testng.reporters.JUnitReportReporter -->
<testsuite skipped="0" hostname="MJLT-1363" name="com.stepDefination.VerifyTheUser" tests="4" failures="0" timestamp="30 Apr 2019 10:24:26 GMT" time="25.842" errors="0">
  <testcase name="openAddUserPage" time="2.987" classname="com.stepDefination.VerifyTheUser"/>
  <testcase name="verifyAddUser" time="11.456" classname="com.stepDefination.VerifyTheUser"/>
  <testcase name="openViewUserPage" time="2.606" classname="com.stepDefination.VerifyTheUser"/>
  <testcase name="verifyTheAddedUser" time="8.793" classname="com.stepDefination.VerifyTheUser"/>
</testsuite> <!-- com.stepDefination.VerifyTheUser -->
