<?xml version="1.0" encoding="UTF-8"?>
<!-- Generated by org.testng.reporters.JUnitReportReporter -->
<testsuite skipped="0" hostname="MJLT-1363" name="com.stepDefination.Verify_login_Old" tests="2" failures="0" timestamp="03 Apr 2019 10:02:24 GMT" time="14.106" errors="0">
  <testcase name="verify_invalid_Login" time="6.069" classname="com.stepDefination.Verify_login_Old"/>
  <testcase name="verify_valid_Login" time="8.037" classname="com.stepDefination.Verify_login_Old"/>
</testsuite> <!-- com.stepDefination.Verify_login_Old -->
