<?xml version="1.0" encoding="UTF-8"?>
<!-- Generated by org.testng.reporters.JUnitReportReporter -->
<testsuite skipped="0" hostname="MJLT-1363" name="com.stepDefination.Login" tests="1" failures="0" timestamp="29 Apr 2019 09:47:43 GMT" time="0.871" errors="0">
  <testcase name="loginUser" time="0.871" classname="com.stepDefination.Login"/>
</testsuite> <!-- com.stepDefination.Login -->
