<?xml version="1.0" encoding="UTF-8"?>
<!-- Generated by org.testng.reporters.JUnitReportReporter -->
<testsuite skipped="0" hostname="MJLT-1363" name="com.stepDefination.VerifyTheBranch" tests="4" failures="0" timestamp="30 Apr 2019 10:24:26 GMT" time="32.352" errors="0">
  <testcase name="openAddBranchPage" time="2.600" classname="com.stepDefination.VerifyTheBranch"/>
  <testcase name="verifyAddBranch" time="14.221" classname="com.stepDefination.VerifyTheBranch"/>
  <testcase name="openViewBranchPage" time="3.647" classname="com.stepDefination.VerifyTheBranch"/>
  <testcase name="verifyTheAddedBranch" time="11.884" classname="com.stepDefination.VerifyTheBranch"/>
</testsuite> <!-- com.stepDefination.VerifyTheBranch -->
