<?xml version="1.0" encoding="UTF-8"?>
<!-- Generated by org.testng.reporters.JUnitReportReporter -->
<testsuite skipped="0" hostname="MJLT-1363" name="com.stepDefination.VerifyTheReportAndHistory" tests="4" failures="0" timestamp="30 Apr 2019 10:24:26 GMT" time="16.855" errors="0">
  <testcase name="navigateToReportDetails" time="0.466" classname="com.stepDefination.VerifyTheReportAndHistory"/>
  <testcase name="verifyTheReportDetails" time="4.852" classname="com.stepDefination.VerifyTheReportAndHistory"/>
  <testcase name="navigateToReportHistory" time="0.466" classname="com.stepDefination.VerifyTheReportAndHistory"/>
  <testcase name="verifyTheReportHistory" time="11.071" classname="com.stepDefination.VerifyTheReportAndHistory"/>
</testsuite> <!-- com.stepDefination.VerifyTheReportAndHistory -->
