<?xml version="1.0" encoding="UTF-8"?>
<!-- Generated by org.testng.reporters.JUnitReportReporter -->
<testsuite skipped="0" hostname="MJLT-1363" name="com.stepDefination.VerifyTheOrganization" tests="5" failures="0" timestamp="30 Apr 2019 10:24:26 GMT" time="26.412" errors="0">
  <testcase name="openAddOgranizationPage" time="3.244" classname="com.stepDefination.VerifyTheOrganization"/>
  <testcase name="verifyTheBusinessUnitIsDisplayed" time="0.047" classname="com.stepDefination.VerifyTheOrganization"/>
  <testcase name="verifyTheAddOrganization" time="6.133" classname="com.stepDefination.VerifyTheOrganization"/>
  <testcase name="openViewOrganization" time="1.047" classname="com.stepDefination.VerifyTheOrganization"/>
  <testcase name="verifyTheAddedOrganization" time="15.941" classname="com.stepDefination.VerifyTheOrganization"/>
</testsuite> <!-- com.stepDefination.VerifyTheOrganization -->
